C51 COMPILER V9.51   LCD                                                                   03/28/2015 14:57:08 PAGE 1   


C51 COMPILER V9.51, COMPILATION OF MODULE LCD
OBJECT MODULE PLACED IN lcd.OBJ
COMPILER INVOKED BY: C:\Keil\C51\BIN\C51.EXE lcd.c BROWSE DEBUG OBJECTEXTEND TABS(2)

line level    source

   1          #include<reg51.h>
   2          
   3          void lcdcmd(unsigned char);
   4          void lcddata(unsigned char);
   5          void MSDelay(unsigned int);
   6          void disp_num(float num);
   7          int get_num(char ch);
   8          void lcdinit();
   9          char scan_key(void);
  10          unsigned char s[30]={"1st NO= "};
  11          unsigned char s1[30]={"2nd NO= "};
  12          unsigned char s2[30]={"OPERATOR = "};
  13          sfr ldata = 0xA0;
  14          sbit rs = P2^0;
  15          sbit rw = P2^1;
  16          sbit en = P2^2;
  17          sbit r0=P1^0;
  18          sbit r1=P1^1;
  19          sbit r2=P1^2;
  20          sbit r3=P1^3;
  21          sbit c0=P3^0;
  22          sbit c1=P3^1;
  23          sbit c2=P3^2;
  24          sbit c3=P3^3;
  25          
  26          void lcdinit(){
  27   1       MSDelay(15000);
  28   1        lcdcmd(0x30);
  29   1        MSDelay(4500);
  30   1        lcdcmd(0x30);
  31   1        MSDelay(300);
  32   1        lcdcmd(0x30);
  33   1        MSDelay(600);
  34   1          lcdcmd(0x38);
  35   1          lcdcmd(0x0F);
  36   1          lcdcmd(0x01);
  37   1          lcdcmd(0x06);
  38   1          lcdcmd(0x80);
  39   1      }
  40          
  41          
  42          int main (void)
  43            { 
  44   1         while(1){
  45   2         unsigned int k=0,m=0,n=0;int k2,k1; char key,key1;unsigned char ch2;
  46   2         lcdinit();   
  47   2          
  48   2          
  49   2          while(s[k]!='\0')
  50   2          {
  51   3            lcddata(s[k]);
  52   3            k++;
  53   3          } 
  54   2          key=scan_key();
  55   2          k2=get_num(key);
C51 COMPILER V9.51   LCD                                                                   03/28/2015 14:57:08 PAGE 2   

  56   2          lcddata(key);
  57   2          lcdcmd(0x01);
  58   2          
  59   2          while(s2[n]!='\0')
  60   2          {
  61   3            lcddata(s2[n]);
  62   3            n++;
  63   3          } 
  64   2          ch2=scan_key();
  65   2              lcddata(ch2);
  66   2          lcdcmd(0x01);
  67   2          
  68   2          while(s1[m]!='\0')
  69   2          {
  70   3            lcddata(s1[m]);
  71   3            m++;
  72   3          }
  73   2          key1=scan_key();
  74   2          k1=get_num(key1);
  75   2          lcddata(key1);
  76   2              lcdcmd(0x01);
  77   2      switch(ch2)
  78   2      {
  79   3      case '+':
  80   3      disp_num(k1+k2);
  81   3      break;
  82   3        case '-':
  83   3      disp_num(k2-k1);
  84   3      break;
  85   3        case '*':
  86   3      disp_num(k2*k1);
  87   3      break;
  88   3        case '/':
  89   3      disp_num(k2/k1);
  90   3      break;
  91   3      } 
  92   2      return 0;
  93   2      }
  94   1      }   
  95          void lcdcmd(unsigned char value)
  96            {
  97   1          ldata = value;          
  98   1          rs = 0;
  99   1          rw = 0;
 100   1          en = 1;                 
 101   1          MSDelay(50);
 102   1          en = 0;
 103   1        MSDelay(50);
 104   1          
 105   1        }
 106          void lcddata(unsigned char value)
 107            {
 108   1          ldata = value;      
 109   1          rs = 1;
 110   1          rw = 0;
 111   1          en = 1;               
 112   1          MSDelay(50);
 113   1          en = 0;
 114   1          MSDelay(50);
 115   1        } 
 116          void MSDelay(unsigned int itime)
 117            {
C51 COMPILER V9.51   LCD                                                                   03/28/2015 14:57:08 PAGE 3   

 118   1          unsigned int i, j;
 119   1          for(i=0;i<itime;i++)           
 120   1            for(j=0;j<5;j++);       
 121   1        } 
 122          char scan_key()
 123          {
 124   1        unsigned char c;
 125   1        c='s';
 126   1        while(!(c=='0' && c=='1' &&  c=='2' && c=='3' && c=='4' && c=='5' && c=='6' && c=='7' && c=='8' && c=='9'
             - && c=='A' && c=='B' && c=='C' && c=='D' && c=='E' && c=='F' ))
 127   1        {
 128   2      r0=0;r1=1;r2=1;r3=1;
 129   2        if(c0==0 && r0==0 ){lcddata('0');MSDelay(100000);return c='0';}
 130   2          if(c1==0 && r0==0){ lcddata('1');MSDelay(100000);return c= '1';}
 131   2        if(c2==0 && r0==0){ lcddata('2');MSDelay(100000);return c= '2';}
 132   2        if(c3==0 && r0==0){ lcddata('3');MSDelay(100000);return c= '3';}
 133   2        
 134   2      r0=1;r1=0;r2=1;r3=1;
 135   2      
 136   2        if(c0==0 && r1==0){ lcddata('4');MSDelay(100000);return c= '4';}
 137   2          if(c1==0 && r1==0){ lcddata('5');MSDelay(100000);return c= '5';}
 138   2        if(c2==0 && r1==0){ lcddata('6');MSDelay(100000);return c= '6';}
 139   2        if(c3==0 && r1==0){ lcddata('7');MSDelay(100000);return c= '7';}
 140   2      
 141   2      r0=1;r1=1;r2=0;r3=1;
 142   2      
 143   2        if(c0==0 && r2==0){ lcddata('8');MSDelay(100000);return c= '8';}
 144   2          if(c1==0 && r2==0){ lcddata('9');MSDelay(100000);return c= '9';}
 145   2        if(c2==0 && r2==0){ lcddata('A');MSDelay(100000);return c= 'A';}
 146   2        if(c3==0 && r2==0){ lcddata('B');MSDelay(100000);return c= 'B';}
 147   2      
 148   2      r0=1;r1=1;r2=1;r3=0;  
 149   2      
 150   2        if(c0==0 && r3==0){ lcddata('C');MSDelay(100000);return c= 'C';}
 151   2          if(c1==0 && r3==0){ lcddata('D');MSDelay(100000);return c= 'D';}
 152   2        if(c2==0 && r3==0){ lcddata('E');MSDelay(100000);return c= 'E';}
 153   2        if(c3==0 && r3==0){ lcddata('F');MSDelay(100000);return c= 'F';}
 154   2        
 155   2      }
 156   1      return 0;
 157   1      } 
 158          
 159          int get_num(char ch)         //convert char into int
 160          {
 161   1        switch(ch)
 162   1        {
 163   2          case '0': return 0; break;
 164   2          case '1': return 1; break;
 165   2          case '2': return 2; break;
 166   2          case '3': return 3; break;
 167   2          case '4': return 4; break;
 168   2          case '5': return 5; break;
 169   2          case '6': return 6; break;
 170   2          case '7': return 7; break;
 171   2          case '8': return 8; break;
 172   2          case '9': return 9; break;
 173   2          case 'A': return 10; break;
 174   2          case 'B': return 11; break;
 175   2          case 'C': return 12; break;
 176   2          case 'D': return 13; break;
 177   2          case 'E': return 14; break;
 178   2          case 'F': return 15; break;
C51 COMPILER V9.51   LCD                                                                   03/28/2015 14:57:08 PAGE 4   

 179   2        }
 180   1        return 0;
 181   1      }
 182          
 183          void disp_num(float num)            //displays number on LCD
 184          { 
 185   1        unsigned char UnitDigit  = 0;  //It will contain unit digit of numb
 186   1        unsigned char TenthDigit = 0;  //It will contain 10th position digit of numb
 187   1        unsigned char decimal = 0;
 188   1        int j;
 189   1        int numb;
 190   1        j=(int)(num*10);
 191   1        
 192   1        numb=(int)num;
 193   1        if(numb<0)
 194   1        {
 195   2          numb = -1*numb;  // Make number positive
 196   2          lcddata('-');  // Display a negative sign on LCD
 197   2        }
 198   1      
 199   1        TenthDigit = (numb/10);           // Findout Tenth Digit
 200   1      
 201   1        if( TenthDigit != 0)            // If it is zero, then don't display
 202   1        lcddata(TenthDigit+0x30);   // Make Char of TenthDigit and then display it on LCD
 203   1      
 204   1        UnitDigit = numb - TenthDigit*10;
 205   1      
 206   1        lcddata(UnitDigit+0x30);    // Make Char of UnitDigit and then display it on LCD
 207   1        lcddata('.');
 208   1        
 209   1        decimal=(j%10)+0x30;
 210   1        lcddata(decimal);
 211   1        MSDelay(2000000);
 212   1      }


MODULE INFORMATION:   STATIC OVERLAYABLE
   CODE SIZE        =   1053    ----
   CONSTANT SIZE    =   ----    ----
   XDATA SIZE       =   ----    ----
   PDATA SIZE       =   ----    ----
   DATA SIZE        =     90      24
   IDATA SIZE       =   ----    ----
   BIT SIZE         =   ----    ----
END OF MODULE INFORMATION.


C51 COMPILATION COMPLETE.  0 WARNING(S),  0 ERROR(S)
