C51 COMPILER V9.51   TEXT                                                                  03/28/2015 13:40:32 PAGE 1   


C51 COMPILER V9.51, COMPILATION OF MODULE TEXT
OBJECT MODULE PLACED IN .\Objects\text.obj
COMPILER INVOKED BY: C:\Keil\C51\BIN\C51.EXE text.c BROWSE DEBUG OBJECTEXTEND PRINT(.\Listings\text.lst) TABS(2) OBJECT(
                    -.\Objects\text.obj)

line level    source

   1          #include<regx52.h>
   2          #include<stdio.h>
   3          void delayms(int);
   4          void cmnd(void);
   5          void delay(void);
   6          void disp(void);
   7          
   8          sbit COL1=P1^0;
   9          sbit COL2=P1^1;
  10          sbit COL3=P1^2;
  11          sbit COL4=P1^3;
  12          
  13          sbit ROW1=P1^4;
  14          sbit ROW2=P1^5;
  15          sbit ROW3=P1^6;
  16          sbit ROW4=P1^7;
  17          
  18          unsigned char ROW=0,COL=0;
  19          char value='\0', temp=0;
  20          char keypad[4][4]=  { '1','2','3','4',
  21                  '5','6','7','8',
  22                  '9','0','A','B',
  23                  'C','D','E','F' };    //look up table
  24          
  25          char key(void);
  26          void main(void)
  27          { int i;
  28   1        
  29   1        ROW1 = 0; //MAKE ALL ROWs IN KEYPAD TO ZERO
  30   1        ROW2 = 0;
  31   1        ROW3 = 0;
  32   1        ROW4 = 0;   
  33   1        COL1 = 1; // MAKE ALL COL'S AS HIGH
  34   1        COL2 = 1;
  35   1        COL3 = 1;
  36   1        COL4 = 1;
  37   1      
  38   1       
  39   1        while(1)
  40   1        {
  41   2          //LCD_init();
  42   2       P2=0x38;
  43   2       cmnd();
  44   2       P2=0x0F;
  45   2       cmnd();
  46   2       P2=0x01;
  47   2       cmnd();
  48   2       P2=0x06;
  49   2       cmnd();
  50   2      
  51   2          for(i=0;i<=3;i++) //how many numbers you want to take 
  52   2          {   
  53   3            value =  key();//taking value from keypad
  54   3            delayms(50);        
C51 COMPILER V9.51   TEXT                                                                  03/28/2015 13:40:32 PAGE 2   

  55   3            send_char(value);//sending value of keypad to lcd
*** WARNING C206 IN LINE 55 OF text.c: 'send_char': missing function-prototype
*** ERROR C267 IN LINE 55 OF text.c: 'send_char': requires ANSI-style prototype
  56   3            delayms(100);
  57   3          
  58   3          }
  59   2            }
  60   1      
  61   1      } 
  62          //checking which key is pressed
  63          char key()
  64          {
  65   1        
  66   1        while(1)
  67   1        {
  68   2      
  69   2          ROW1 = 0; //MAKE FIRST ROW IN KEYPAD TO ZERO
  70   2          ROW2 = 1;
  71   2          ROW3 = 1;
  72   2          ROW4 = 1;   
  73   2          COL1 = 1; // MAKE ALL COL'S AS HIGH
  74   2          COL2 = 1;
  75   2          COL3 = 1;
  76   2          COL4 = 1;
  77   2          if(COL1 == 0){while(COL1 == 0);ROW=1;COL=1;break;}  
  78   2          if(COL2 == 0){while(COL2 == 0);ROW=1;COL=2;break;}  
  79   2          if(COL3 == 0){while(COL3 == 0);ROW=1;COL=3;break;}  
  80   2          if(COL4 == 0){while(COL4 == 0);ROW=1;COl=4;break;}
*** ERROR C202 IN LINE 80 OF text.c: 'COl': undefined identifier
  81   2          ROW1 = 1; 
  82   2          ROW2 = 0; //MAKE SECOND ROW IN KEYPAD TO ZERO
  83   2          ROW3 = 1;
  84   2          ROW4 = 1;   
  85   2          COL1 = 1; // MAKE ALL COL'S AS HIGH
  86   2          COL2 = 1;
  87   2          COL3 = 1;
  88   2          COL4 = 1;
  89   2          if(COL1 == 0){while(COL1 == 0);ROW=2;COL=1;break;}  
  90   2          if(COL2 == 0){while(COL2 == 0);ROW=2;COL=2;break;}  
  91   2          if(COL3 == 0){while(COL3 == 0);ROW=2;COL=3;break;}
  92   2          if(COL4 == 0){while(COL4 == 0);ROW=2;COl=4;break;}
*** ERROR C202 IN LINE 92 OF text.c: 'COl': undefined identifier
  93   2          ROW1 = 1; 
  94   2          ROW2 = 1; 
  95   2          ROW3 = 0;//MAKE THIRD ROW IN KEYPAD TO ZERO
  96   2          ROW4 = 1;   
  97   2          COL1 = 1; // MAKE ALL COL'S AS HIGH
  98   2          COL2 = 1;
  99   2          COL3 = 1;
 100   2          COL4 = 1;
 101   2          if(COL1 == 0){while(COL1 == 0);ROW=3;COL=1;break;}  
 102   2          if(COL2 == 0){while(COL2 == 0);ROW=3;COL=2;break;}  
 103   2          if(COL3 == 0){while(COL3 == 0);ROW=3;COL=3;break;}
 104   2          if(COL4 == 0){while(COL4 == 0);ROW=3;COl=4;break;}
*** ERROR C202 IN LINE 104 OF text.c: 'COl': undefined identifier
 105   2          ROW1 = 1; 
 106   2          ROW2 = 1; 
 107   2          ROW3 = 1;
 108   2          ROW4 = 0;//MAKE 4TH ROW IN KEYPAD TO ZERO   
 109   2          COL1 = 1; // MAKE ALL COL'S AS HIGH
 110   2          COL2 = 1;
 111   2          COL3 = 1;
C51 COMPILER V9.51   TEXT                                                                  03/28/2015 13:40:32 PAGE 3   

 112   2          COL4 = 1;
 113   2          if(COL1 == 0){while(COL1 == 0);ROW=4;COL=1;break;}  
 114   2          if(COL2 == 0){while(COL2 == 0);ROW=4;COL=2;break;}  
 115   2          if(COL3 == 0){while(COL3 == 0);ROW=4;COL=3;break;}
 116   2          if(COL4 == 0){while(COL3 == 0);ROW=4;COl=4;break;}
*** ERROR C202 IN LINE 116 OF text.c: 'COl': undefined identifier
 117   2          delayms(500);
 118   2        }
 119   1      
 120   1        return  keypad[ROW-1][COL-1];
 121   1      }
 122          void delayms(int x)
 123          {
 124   1        int i=0;
 125   1        for(i=0;i<x;i++);
 126   1      }
 127          void send_char(char a)
 128          {//displaying the keys pressed on keypad
*** ERROR C231 IN LINE 128 OF text.c: 'send_char': redefinition
 129   1        int i;
 130   1        P2=a;
 131   1        disp();
 132   1        delay();
 133   1       }
*** ERROR C231 IN LINE 133 OF text.c: 'send_char': redefinition
 134            
 135           void cmnd()
 136           {
 137   1        P0_0=0;
 138   1        P0_1=0;
 139   1        P0_2=1;
 140   1        P0_2=0;
 141   1        delay();
 142   1        }
 143            void disp()
 144            {
 145   1         P0_0=1;
 146   1         P0_1=0;
 147   1         P0_2=1;
 148   1         P0_2=0;
 149   1        delay();
 150   1        delay();
 151   1        }
 152           void delay()
 153           {
 154   1         int i;
 155   1         for(i=0;i<10000;i++)
 156   1         {
 157   2          P0_2=1;
 158   2        P0_0=0;//
 159   2        P0_1=1;//
 160   2        P0_2=1;//?
 161   2        }
 162   1       }
 163           
 164          }  
*** ERROR C141 IN LINE 164 OF text.c: syntax error near '}'

C51 COMPILATION COMPLETE.  1 WARNING(S),  8 ERROR(S)
